c:\users\olivier lortie\documents\udes-h20\app7\dummykongui\debug\vc141.pdb
c:\users\olivier lortie\documents\udes-h20\app7\dummykongui\debug\moc_options.obj
c:\users\olivier lortie\documents\udes-h20\app7\dummykongui\debug\moc_mainwindow.obj
c:\users\olivier lortie\documents\udes-h20\app7\dummykongui\debug\moc_levels.obj
c:\users\olivier lortie\documents\udes-h20\app7\dummykongui\debug\moc_help.obj
c:\users\olivier lortie\documents\udes-h20\app7\dummykongui\debug\moc_gamewindow.obj
c:\users\olivier lortie\documents\udes-h20\app7\dummykongui\debug\main.obj
c:\users\olivier lortie\documents\udes-h20\app7\dummykongui\debug\options.obj
c:\users\olivier lortie\documents\udes-h20\app7\dummykongui\debug\mainwindow.obj
c:\users\olivier lortie\documents\udes-h20\app7\dummykongui\debug\levels.obj
c:\users\olivier lortie\documents\udes-h20\app7\dummykongui\debug\help.obj
c:\users\olivier lortie\documents\udes-h20\app7\dummykongui\debug\gamewindow.obj
c:\users\olivier lortie\documents\udes-h20\app7\dummykongui\debug\moc_predefs.h
c:\users\olivier lortie\documents\udes-h20\app7\dummykongui\debug\moc_gamewindow.cpp
c:\users\olivier lortie\documents\udes-h20\app7\dummykongui\debug\moc_help.cpp
c:\users\olivier lortie\documents\udes-h20\app7\dummykongui\debug\moc_options.cpp
c:\users\olivier lortie\documents\udes-h20\app7\dummykongui\debug\moc_levels.cpp
c:\users\olivier lortie\documents\udes-h20\app7\dummykongui\debug\moc_mainwindow.cpp
c:\users\olivier lortie\documents\udes-h20\app7\dummykongui\debug\dummykong.pdb
c:\users\olivier lortie\documents\udes-h20\app7\dummykongui\debug\dummykong.tlog\cl.command.1.tlog
c:\users\olivier lortie\documents\udes-h20\app7\dummykongui\debug\dummykong.tlog\cl.read.1.tlog
c:\users\olivier lortie\documents\udes-h20\app7\dummykongui\debug\dummykong.tlog\cl.write.1.tlog
c:\users\olivier lortie\documents\udes-h20\app7\dummykongui\debug\dummykong.tlog\custombuild.command.1.tlog
c:\users\olivier lortie\documents\udes-h20\app7\dummykongui\debug\dummykong.tlog\custombuild.read.1.tlog
c:\users\olivier lortie\documents\udes-h20\app7\dummykongui\debug\dummykong.tlog\custombuild.write.1.tlog
c:\users\olivier lortie\documents\udes-h20\app7\dummykongui\debug\dummykong.tlog\link-cvtres.read.1.tlog
c:\users\olivier lortie\documents\udes-h20\app7\dummykongui\debug\dummykong.tlog\link-cvtres.write.1.tlog
c:\users\olivier lortie\documents\udes-h20\app7\dummykongui\debug\dummykong.tlog\link-rc.read.1.tlog
c:\users\olivier lortie\documents\udes-h20\app7\dummykongui\debug\dummykong.tlog\link-rc.write.1.tlog
c:\users\olivier lortie\documents\udes-h20\app7\dummykongui\debug\dummykong.tlog\link.command.1.tlog
c:\users\olivier lortie\documents\udes-h20\app7\dummykongui\debug\dummykong.tlog\link.read.1.tlog
c:\users\olivier lortie\documents\udes-h20\app7\dummykongui\debug\dummykong.tlog\link.write.1.tlog
